<?xml version="1.0" encoding="UTF-8"?>
<!-- Generated by org.testng.reporters.JUnitReportReporter -->
<testsuite hostname="LAPTOP-389FLDCD" failures="0" tests="1" name="extentreports.SimpleExtentReport" time="1.965" errors="0" timestamp="2024-05-05T19:15:35 EDT" skipped="0">
  <testcase classname="extentreports.SimpleExtentReport" name="search" time="1.965"/>
</testsuite> <!-- extentreports.SimpleExtentReport -->
