<?xml version="1.0" encoding="UTF-8"?>
<!-- Generated by org.testng.reporters.JUnitReportReporter -->
<testsuite hostname="LAPTOP-389FLDCD" failures="0" tests="1" name="poiapi.ReadDataone" time="1.253" errors="0" timestamp="2024-04-16T09:42:05 EDT" skipped="0">
  <testcase classname="poiapi.ReadDataone" name="readdata" time="1.253"/>
</testsuite> <!-- poiapi.ReadDataone -->
